<?xml version="1.0" encoding="UTF-8"?>
<testng-results ignored="0" total="1" passed="1" failed="0" skipped="0">
  <reporter-output>
  </reporter-output>
  <suite started-at="2026-04-10T11:45:28 IST" name="Default suite" finished-at="2026-04-10T11:45:40 IST" duration-ms="12241">
    <groups>
    </groups>
    <test started-at="2026-04-10T11:45:28 IST" name="Default test" finished-at="2026-04-10T11:45:40 IST" duration-ms="12241">
      <class name="org.pom.TestClass">
        <test-method signature="flipKart()[pri:0, instance:org.pom.TestClass@c0c2f8d]" started-at="2026-04-10T11:45:28 IST" name="flipKart" finished-at="2026-04-10T11:45:40 IST" duration-ms="12199" status="PASS">
          <reporter-output>
          </reporter-output>
        </test-method> <!-- flipKart -->
      </class> <!-- org.pom.TestClass -->
    </test> <!-- Default test -->
  </suite> <!-- Default suite -->
</testng-results>
