<?xml version="1.0" encoding="UTF-8"?>
<testng-results ignored="0" total="1" passed="1" failed="0" skipped="0">
  <reporter-output>
  </reporter-output>
  <suite started-at="2026-04-10T11:19:16 IST" name="Suite" finished-at="2026-04-10T11:19:29 IST" duration-ms="12523">
    <groups>
    </groups>
    <test started-at="2026-04-10T11:19:16 IST" name="Test" finished-at="2026-04-10T11:19:29 IST" duration-ms="12523">
      <class name="org.pom.TestClass">
        <test-method signature="flipKart()[pri:0, instance:org.pom.TestClass@c0c2f8d]" started-at="2026-04-10T11:19:16 IST" name="flipKart" finished-at="2026-04-10T11:19:29 IST" duration-ms="12472" status="PASS">
          <reporter-output>
          </reporter-output>
        </test-method> <!-- flipKart -->
      </class> <!-- org.pom.TestClass -->
    </test> <!-- Test -->
  </suite> <!-- Suite -->
</testng-results>
